<?xml version="1.0" encoding="UTF-8"?>
<testsuite xmlns:xsi="http://www.w3.org/2001/XMLSchema-instance" xsi:noNamespaceSchemaLocation="https://maven.apache.org/surefire/maven-surefire-plugin/xsd/surefire-test-report-3.0.xsd" version="3.0" name="telran.util.ArraysTest" time="0.135" tests="15" errors="0" skipped="0" failures="1">
  <properties>
[...]
</properties>
  <testcase name="isOneSwapTest" classname="telran.util.ArraysTest" time="0.051"/>
  <testcase name="sortAnyTypeTest" classname="telran.util.ArraysTest" time="0.002"/>
  <testcase name="removeIfTest" classname="telran.util.ArraysTest" time="0.013">
    <failure message="array contents differ at index [0], expected: &lt;7&gt; but was: &lt;-8&gt;" type="org.opentest4j.AssertionFailedError"><![CDATA[org.opentest4j.AssertionFailedError: array contents differ at index [0], expected: <7> but was: <-8>
	at org.junit.jupiter.api.AssertionFailureBuilder.build(AssertionFailureBuilder.java:151)
	at org.junit.jupiter.api.AssertionFailureBuilder.buildAndThrow(AssertionFailureBuilder.java:132)
	at org.junit.jupiter.api.AssertArrayEquals.failArraysNotEqual(AssertArrayEquals.java:440)
	at org.junit.jupiter.api.AssertArrayEquals.assertArrayElementsEqual(AssertArrayEquals.java:389)
	at org.junit.jupiter.api.AssertArrayEquals.assertArrayEquals(AssertArrayEquals.java:346)
	at org.junit.jupiter.api.AssertArrayEquals.assertArrayEquals(AssertArrayEquals.java:159)
	at org.junit.jupiter.api.AssertArrayEquals.assertArrayEquals(AssertArrayEquals.java:155)
	at org.junit.jupiter.api.Assertions.assertArrayEquals(Assertions.java:1456)
	at telran.util.ArraysTest.removeIfTest(ArraysTest.java:189)
	at java.base/java.lang.reflect.Method.invoke(Method.java:580)
	at java.base/java.util.ArrayList.forEach(ArrayList.java:1597)
	at java.base/java.util.ArrayList.forEach(ArrayList.java:1597)
]]></failure>
  </testcase>
  <testcase name="binarySearchTest" classname="telran.util.ArraysTest" time="0.003"/>
  <testcase name="addTest" classname="telran.util.ArraysTest" time="0.001"/>
  <testcase name="searchTest" classname="telran.util.ArraysTest" time="0.001"/>
  <testcase name="findTest" classname="telran.util.ArraysTest" time="0.001"/>
  <testcase name="evenOddSorting" classname="telran.util.ArraysTest" time="0.001"/>
  <testcase name="insertSortedTest" classname="telran.util.ArraysTest" time="0.001"/>
  <testcase name="sortTestRandomArray" classname="telran.util.ArraysTest" time="0.004"/>
  <testcase name="insertTest" classname="telran.util.ArraysTest" time="0.004"/>
  <testcase name="removeTest" classname="telran.util.ArraysTest" time="0.002"/>
  <testcase name="binarySearchNoComparator" classname="telran.util.ArraysTest" time="0.003"/>
  <testcase name="binarySearchObjectTest" classname="telran.util.ArraysTest" time="0.001"/>
  <testcase name="sortTest" classname="telran.util.ArraysTest" time="0.001"/>
</testsuite>