<?xml version="1.0" encoding="UTF-8"?>
<testsuite xmlns:xsi="http://www.w3.org/2001/XMLSchema-instance" xsi:noNamespaceSchemaLocation="https://maven.apache.org/surefire/maven-surefire-plugin/xsd/surefire-test-report-3.0.xsd" version="3.0" name="telran.util.ArraysTest" time="0.067" tests="10" errors="0" skipped="0" failures="0">
  <properties>
[...]
</properties>
  <testcase name="isOneSwapTest" classname="telran.util.ArraysTest" time="0.028"/>
  <testcase name="sortAnyTypeTest" classname="telran.util.ArraysTest" time="0.002"/>
  <testcase name="binarySearchTest" classname="telran.util.ArraysTest" time="0.001"/>
  <testcase name="addTest" classname="telran.util.ArraysTest" time="0.0"/>
  <testcase name="searchTest" classname="telran.util.ArraysTest" time="0.0"/>
  <testcase name="insertSortedTest" classname="telran.util.ArraysTest" time="0.001"/>
  <testcase name="sortTestRandomArray" classname="telran.util.ArraysTest" time="0.006"/>
  <testcase name="insertTest" classname="telran.util.ArraysTest" time="0.003"/>
  <testcase name="removeTest" classname="telran.util.ArraysTest" time="0.001"/>
  <testcase name="sortTest" classname="telran.util.ArraysTest" time="0.0"/>
</testsuite>