<?xml version="1.0" encoding="UTF-8"?>
<testsuite xmlns:xsi="http://www.w3.org/2001/XMLSchema-instance" xsi:noNamespaceSchemaLocation="https://maven.apache.org/surefire/maven-surefire-plugin/xsd/surefire-test-report-3.0.xsd" version="3.0" name="telran.util.ArraysTest" time="0.101" tests="10" errors="2" skipped="0" failures="0">
  <properties>
[...]
</properties>
  <testcase name="isOneSwapTest" classname="telran.util.ArraysTest" time="0.041">
    <error message="Index -1 out of bounds for length 5" type="java.lang.ArrayIndexOutOfBoundsException"><![CDATA[java.lang.ArrayIndexOutOfBoundsException: Index -1 out of bounds for length 5
	at telran.util.Arrays.swap(Arrays.java:47)
	at telran.util.Arrays.isOneSwap(Arrays.java:104)
	at telran.util.ArraysTest.isOneSwapTest(ArraysTest.java:108)
	at java.base/java.lang.reflect.Method.invoke(Method.java:580)
	at java.base/java.util.ArrayList.forEach(ArrayList.java:1597)
	at java.base/java.util.ArrayList.forEach(ArrayList.java:1597)
]]></error>
  </testcase>
  <testcase name="binarySearchTest" classname="telran.util.ArraysTest" time="0.008">
    <error message="Index 5 out of bounds for length 5" type="java.lang.ArrayIndexOutOfBoundsException"><![CDATA[java.lang.ArrayIndexOutOfBoundsException: Index 5 out of bounds for length 5
	at telran.util.Arrays.binarySearch(Arrays.java:69)
	at telran.util.ArraysTest.binarySearchTest(ArraysTest.java:89)
	at java.base/java.lang.reflect.Method.invoke(Method.java:580)
	at java.base/java.util.ArrayList.forEach(ArrayList.java:1597)
	at java.base/java.util.ArrayList.forEach(ArrayList.java:1597)
]]></error>
  </testcase>
  <testcase name="addTest" classname="telran.util.ArraysTest" time="0.003"/>
  <testcase name="searchTest" classname="telran.util.ArraysTest" time="0.001"/>
  <testcase name="insertSortedTest" classname="telran.util.ArraysTest" time="0.001"/>
  <testcase name="sortTestRandomArray" classname="telran.util.ArraysTest" time="0.005"/>
  <testcase name="insertTest" classname="telran.util.ArraysTest" time="0.005"/>
  <testcase name="removeTest" classname="telran.util.ArraysTest" time="0.002"/>
  <testcase name="sortTest" classname="telran.util.ArraysTest" time="0.001"/>
  <testcase name="isSortedArrayTest" classname="telran.util.ArraysTest" time="0.002"/>
</testsuite>